{"C:\\Users\\Louis Schulle\\Documents\\Modul-450-main\\Modul-450-main\\LB2\\project\\src\\user\\UserRepository.js": {"path":"C:\\Users\\Louis Schulle\\Documents\\Modul-450-main\\Modul-450-main\\LB2\\project\\src\\user\\UserRepository.js","statementMap":{"0":{"start":{"line":3,"column":4},"end":{"line":3,"column":46}},"1":{"start":{"line":7,"column":4},"end":{"line":7,"column":46}},"2":{"start":{"line":11,"column":0},"end":{"line":11,"column":32}}},"fnMap":{"0":{"name":"(anonymous_0)","decl":{"start":{"line":2,"column":2},"end":{"line":2,"column":3}},"loc":{"start":{"line":2,"column":21},"end":{"line":4,"column":3}},"line":2},"1":{"name":"(anonymous_1)","decl":{"start":{"line":6,"column":2},"end":{"line":6,"column":3}},"loc":{"start":{"line":6,"column":13},"end":{"line":8,"column":3}},"line":6}},"branchMap":{},"s":{"0":0,"1":0,"2":0},"f":{"0":0,"1":0},"b":{}}
,"C:\\Users\\Louis Schulle\\Documents\\Modul-450-main\\Modul-450-main\\LB2\\project\\src\\user\\UserService.js": {"path":"C:\\Users\\Louis Schulle\\Documents\\Modul-450-main\\Modul-450-main\\LB2\\project\\src\\user\\UserService.js","statementMap":{"0":{"start":{"line":3,"column":4},"end":{"line":3,"column":41}},"1":{"start":{"line":7,"column":4},"end":{"line":7,"column":41}},"2":{"start":{"line":8,"column":4},"end":{"line":8,"column":35}},"3":{"start":{"line":10,"column":25},"end":{"line":10,"column":68}},"4":{"start":{"line":11,"column":4},"end":{"line":13,"column":5}},"5":{"start":{"line":12,"column":6},"end":{"line":12,"column":45}},"6":{"start":{"line":15,"column":4},"end":{"line":15,"column":35}},"7":{"start":{"line":16,"column":4},"end":{"line":16,"column":29}},"8":{"start":{"line":20,"column":4},"end":{"line":22,"column":5}},"9":{"start":{"line":21,"column":6},"end":{"line":21,"column":52}},"10":{"start":{"line":26,"column":23},"end":{"line":26,"column":51}},"11":{"start":{"line":27,"column":4},"end":{"line":29,"column":5}},"12":{"start":{"line":28,"column":6},"end":{"line":28,"column":42}},"13":{"start":{"line":33,"column":0},"end":{"line":33,"column":29}}},"fnMap":{"0":{"name":"(anonymous_0)","decl":{"start":{"line":2,"column":2},"end":{"line":2,"column":3}},"loc":{"start":{"line":2,"column":30},"end":{"line":4,"column":3}},"line":2},"1":{"name":"(anonymous_1)","decl":{"start":{"line":6,"column":2},"end":{"line":6,"column":3}},"loc":{"start":{"line":6,"column":19},"end":{"line":17,"column":3}},"line":6},"2":{"name":"(anonymous_2)","decl":{"start":{"line":19,"column":2},"end":{"line":19,"column":3}},"loc":{"start":{"line":19,"column":29},"end":{"line":23,"column":3}},"line":19},"3":{"name":"(anonymous_3)","decl":{"start":{"line":25,"column":2},"end":{"line":25,"column":3}},"loc":{"start":{"line":25,"column":23},"end":{"line":30,"column":3}},"line":25}},"branchMap":{"0":{"loc":{"start":{"line":11,"column":4},"end":{"line":13,"column":5}},"type":"if","locations":[{"start":{"line":11,"column":4},"end":{"line":13,"column":5}},{"start":{},"end":{}}],"line":11},"1":{"loc":{"start":{"line":20,"column":4},"end":{"line":22,"column":5}},"type":"if","locations":[{"start":{"line":20,"column":4},"end":{"line":22,"column":5}},{"start":{},"end":{}}],"line":20},"2":{"loc":{"start":{"line":20,"column":8},"end":{"line":20,"column":43}},"type":"binary-expr","locations":[{"start":{"line":20,"column":8},"end":{"line":20,"column":17}},{"start":{"line":20,"column":21},"end":{"line":20,"column":43}}],"line":20},"3":{"loc":{"start":{"line":27,"column":4},"end":{"line":29,"column":5}},"type":"if","locations":[{"start":{"line":27,"column":4},"end":{"line":29,"column":5}},{"start":{},"end":{}}],"line":27}},"s":{"0":4,"1":4,"2":3,"3":2,"4":2,"5":1,"6":1,"7":1,"8":4,"9":1,"10":3,"11":3,"12":1,"13":1},"f":{"0":4,"1":4,"2":4,"3":3},"b":{"0":[1,1],"1":[1,3],"2":[4,3],"3":[1,2]},"_coverageSchema":"1a1c01bbd47fc00a2c39e90264f33305004495a9","hash":"32d6021088eee7baccb2945a11f2355be4a2e242"}
}
