TN:
SF:src\user\UserRepository.js
FN:2,(anonymous_0)
FN:6,(anonymous_1)
FNF:2
FNH:0
FNDA:0,(anonymous_0)
FNDA:0,(anonymous_1)
DA:3,0
DA:7,0
DA:11,0
LF:3
LH:0
BRF:0
BRH:0
end_of_record
TN:
SF:src\user\UserService.js
FN:2,(anonymous_0)
FN:6,(anonymous_1)
FN:19,(anonymous_2)
FN:25,(anonymous_3)
FNF:4
FNH:4
FNDA:4,(anonymous_0)
FNDA:4,(anonymous_1)
FNDA:4,(anonymous_2)
FNDA:3,(anonymous_3)
DA:3,4
DA:7,4
DA:8,3
DA:10,2
DA:11,2
DA:12,1
DA:15,1
DA:16,1
DA:20,4
DA:21,1
DA:26,3
DA:27,3
DA:28,1
DA:33,1
LF:14
LH:14
BRDA:11,0,0,1
BRDA:11,0,1,1
BRDA:20,1,0,1
BRDA:20,1,1,3
BRDA:20,2,0,4
BRDA:20,2,1,3
BRDA:27,3,0,1
BRDA:27,3,1,2
BRF:8
BRH:8
end_of_record
